This is pdfTeX, Version 3.141592653-2.6-1.40.25 (TeX Live 2023) (preloaded format=pdflatex 2024.3.31)  1 APR 2024 17:08
entering extended mode
 restricted \write18 enabled.
 %&-line parsing enabled.
**report.tex
(./report.tex
LaTeX2e <2022-11-01> patch level 1
L3 programming layer <2023-02-22>
(/usr/local/texlive/2023/texmf-dist/tex/latex/base/article.cls
Document Class: article 2022/07/02 v1.4n Standard LaTeX document class
(/usr/local/texlive/2023/texmf-dist/tex/latex/base/size12.clo
File: size12.clo 2022/07/02 v1.4n Standard LaTeX file (size option)
)
\c@part=\count185
\c@section=\count186
\c@subsection=\count187
\c@subsubsection=\count188
\c@paragraph=\count189
\c@subparagraph=\count190
\c@figure=\count191
\c@table=\count192
\abovecaptionskip=\skip48
\belowcaptionskip=\skip49
\bibindent=\dimen140
)
(/usr/local/texlive/2023/texmf-dist/tex/latex/graphics/graphicx.sty
Package: graphicx 2021/09/16 v1.2d Enhanced LaTeX Graphics (DPC,SPQR)

(/usr/local/texlive/2023/texmf-dist/tex/latex/graphics/keyval.sty
Package: keyval 2022/05/29 v1.15 key=value parser (DPC)
\KV@toks@=\toks16
)
(/usr/local/texlive/2023/texmf-dist/tex/latex/graphics/graphics.sty
Package: graphics 2022/03/10 v1.4e Standard LaTeX Graphics (DPC,SPQR)

(/usr/local/texlive/2023/texmf-dist/tex/latex/graphics/trig.sty
Package: trig 2021/08/11 v1.11 sin cos tan (DPC)
)
(/usr/local/texlive/2023/texmf-dist/tex/latex/graphics-cfg/graphics.cfg
File: graphics.cfg 2016/06/04 v1.11 sample graphics configuration
)
Package graphics Info: Driver file: pdftex.def on input line 107.

(/usr/local/texlive/2023/texmf-dist/tex/latex/graphics-def/pdftex.def
File: pdftex.def 2022/09/22 v1.2b Graphics/color driver for pdftex
))
\Gin@req@height=\dimen141
\Gin@req@width=\dimen142
)
(/usr/local/texlive/2023/texmf-dist/tex/latex/titlesec/titlesec.sty
Package: titlesec 2021/07/05 v2.14 Sectioning titles
\ttl@box=\box51
\beforetitleunit=\skip50
\aftertitleunit=\skip51
\ttl@plus=\dimen143
\ttl@minus=\dimen144
\ttl@toksa=\toks17
\titlewidth=\dimen145
\titlewidthlast=\dimen146
\titlewidthfirst=\dimen147
)
(/usr/local/texlive/2023/texmf-dist/tex/latex/geometry/geometry.sty
Package: geometry 2020/01/02 v5.9 Page Geometry

(/usr/local/texlive/2023/texmf-dist/tex/generic/iftex/ifvtex.sty
Package: ifvtex 2019/10/25 v1.7 ifvtex legacy package. Use iftex instead.

(/usr/local/texlive/2023/texmf-dist/tex/generic/iftex/iftex.sty
Package: iftex 2022/02/03 v1.0f TeX engine tests
))
\Gm@cnth=\count193
\Gm@cntv=\count194
\c@Gm@tempcnt=\count195
\Gm@bindingoffset=\dimen148
\Gm@wd@mp=\dimen149
\Gm@odd@mp=\dimen150
\Gm@even@mp=\dimen151
\Gm@layoutwidth=\dimen152
\Gm@layoutheight=\dimen153
\Gm@layouthoffset=\dimen154
\Gm@layoutvoffset=\dimen155
\Gm@dimlist=\toks18
)
(/usr/local/texlive/2023/texmf-dist/tex/latex/amsmath/amsmath.sty
Package: amsmath 2022/04/08 v2.17n AMS math features
\@mathmargin=\skip52

For additional information on amsmath, use the `?' option.
(/usr/local/texlive/2023/texmf-dist/tex/latex/amsmath/amstext.sty
Package: amstext 2021/08/26 v2.01 AMS text

(/usr/local/texlive/2023/texmf-dist/tex/latex/amsmath/amsgen.sty
File: amsgen.sty 1999/11/30 v2.0 generic functions
\@emptytoks=\toks19
\ex@=\dimen156
))
(/usr/local/texlive/2023/texmf-dist/tex/latex/amsmath/amsbsy.sty
Package: amsbsy 1999/11/29 v1.2d Bold Symbols
\pmbraise@=\dimen157
)
(/usr/local/texlive/2023/texmf-dist/tex/latex/amsmath/amsopn.sty
Package: amsopn 2022/04/08 v2.04 operator names
)
\inf@bad=\count196
LaTeX Info: Redefining \frac on input line 234.
\uproot@=\count197
\leftroot@=\count198
LaTeX Info: Redefining \overline on input line 399.
LaTeX Info: Redefining \colon on input line 410.
\classnum@=\count199
\DOTSCASE@=\count266
LaTeX Info: Redefining \ldots on input line 496.
LaTeX Info: Redefining \dots on input line 499.
LaTeX Info: Redefining \cdots on input line 620.
\Mathstrutbox@=\box52
\strutbox@=\box53
LaTeX Info: Redefining \big on input line 722.
LaTeX Info: Redefining \Big on input line 723.
LaTeX Info: Redefining \bigg on input line 724.
LaTeX Info: Redefining \Bigg on input line 725.
\big@size=\dimen158
LaTeX Font Info:    Redeclaring font encoding OML on input line 743.
LaTeX Font Info:    Redeclaring font encoding OMS on input line 744.
\macc@depth=\count267
LaTeX Info: Redefining \bmod on input line 905.
LaTeX Info: Redefining \pmod on input line 910.
LaTeX Info: Redefining \smash on input line 940.
LaTeX Info: Redefining \relbar on input line 970.
LaTeX Info: Redefining \Relbar on input line 971.
\c@MaxMatrixCols=\count268
\dotsspace@=\muskip16
\c@parentequation=\count269
\dspbrk@lvl=\count270
\tag@help=\toks20
\row@=\count271
\column@=\count272
\maxfields@=\count273
\andhelp@=\toks21
\eqnshift@=\dimen159
\alignsep@=\dimen160
\tagshift@=\dimen161
\tagwidth@=\dimen162
\totwidth@=\dimen163
\lineht@=\dimen164
\@envbody=\toks22
\multlinegap=\skip53
\multlinetaggap=\skip54
\mathdisplay@stack=\toks23
LaTeX Info: Redefining \[ on input line 2953.
LaTeX Info: Redefining \] on input line 2954.
)
(/usr/local/texlive/2023/texmf-dist/tex/latex/tools/tabularx.sty
Package: tabularx 2020/01/15 v2.11c `tabularx' package (DPC)

(/usr/local/texlive/2023/texmf-dist/tex/latex/tools/array.sty
Package: array 2022/09/04 v2.5g Tabular extension package (FMi)
\col@sep=\dimen165
\ar@mcellbox=\box54
\extrarowheight=\dimen166
\NC@list=\toks24
\extratabsurround=\skip55
\backup@length=\skip56
\ar@cellbox=\box55
)
\TX@col@width=\dimen167
\TX@old@table=\dimen168
\TX@old@col=\dimen169
\TX@target=\dimen170
\TX@delta=\dimen171
\TX@cols=\count274
\TX@ftn=\toks25
)
(/usr/local/texlive/2023/texmf-dist/tex/latex/hyperref/hyperref.sty
Package: hyperref 2023-02-07 v7.00v Hypertext links for LaTeX

(/usr/local/texlive/2023/texmf-dist/tex/generic/ltxcmds/ltxcmds.sty
Package: ltxcmds 2020-05-10 v1.25 LaTeX kernel commands for general use (HO)
)
(/usr/local/texlive/2023/texmf-dist/tex/generic/pdftexcmds/pdftexcmds.sty
Package: pdftexcmds 2020-06-27 v0.33 Utility functions of pdfTeX for LuaTeX (HO
)

(/usr/local/texlive/2023/texmf-dist/tex/generic/infwarerr/infwarerr.sty
Package: infwarerr 2019/12/03 v1.5 Providing info/warning/error messages (HO)
)
Package pdftexcmds Info: \pdf@primitive is available.
Package pdftexcmds Info: \pdf@ifprimitive is available.
Package pdftexcmds Info: \pdfdraftmode found.
)
(/usr/local/texlive/2023/texmf-dist/tex/latex/kvsetkeys/kvsetkeys.sty
Package: kvsetkeys 2022-10-05 v1.19 Key value parser (HO)
)
(/usr/local/texlive/2023/texmf-dist/tex/generic/kvdefinekeys/kvdefinekeys.sty
Package: kvdefinekeys 2019-12-19 v1.6 Define keys (HO)
)
(/usr/local/texlive/2023/texmf-dist/tex/generic/pdfescape/pdfescape.sty
Package: pdfescape 2019/12/09 v1.15 Implements pdfTeX's escape features (HO)
)
(/usr/local/texlive/2023/texmf-dist/tex/latex/hycolor/hycolor.sty
Package: hycolor 2020-01-27 v1.10 Color options for hyperref/bookmark (HO)
)
(/usr/local/texlive/2023/texmf-dist/tex/latex/letltxmacro/letltxmacro.sty
Package: letltxmacro 2019/12/03 v1.6 Let assignment for LaTeX macros (HO)
)
(/usr/local/texlive/2023/texmf-dist/tex/latex/auxhook/auxhook.sty
Package: auxhook 2019-12-17 v1.6 Hooks for auxiliary files (HO)
)
(/usr/local/texlive/2023/texmf-dist/tex/latex/hyperref/nameref.sty
Package: nameref 2022-05-17 v2.50 Cross-referencing by name of section

(/usr/local/texlive/2023/texmf-dist/tex/latex/refcount/refcount.sty
Package: refcount 2019/12/15 v3.6 Data extraction from label references (HO)
)
(/usr/local/texlive/2023/texmf-dist/tex/generic/gettitlestring/gettitlestring.s
ty
Package: gettitlestring 2019/12/15 v1.6 Cleanup title references (HO)
 (/usr/local/texlive/2023/texmf-dist/tex/latex/kvoptions/kvoptions.sty
Package: kvoptions 2022-06-15 v3.15 Key value format for package options (HO)
))
\c@section@level=\count275
)
\@linkdim=\dimen172
\Hy@linkcounter=\count276
\Hy@pagecounter=\count277

(/usr/local/texlive/2023/texmf-dist/tex/latex/hyperref/pd1enc.def
File: pd1enc.def 2023-02-07 v7.00v Hyperref: PDFDocEncoding definition (HO)
Now handling font encoding PD1 ...
... no UTF-8 mapping file for font encoding PD1
)
(/usr/local/texlive/2023/texmf-dist/tex/generic/intcalc/intcalc.sty
Package: intcalc 2019/12/15 v1.3 Expandable calculations with integers (HO)
)
(/usr/local/texlive/2023/texmf-dist/tex/generic/etexcmds/etexcmds.sty
Package: etexcmds 2019/12/15 v1.7 Avoid name clashes with e-TeX commands (HO)
)
\Hy@SavedSpaceFactor=\count278

(/usr/local/texlive/2023/texmf-dist/tex/latex/hyperref/puenc.def
File: puenc.def 2023-02-07 v7.00v Hyperref: PDF Unicode definition (HO)
Now handling font encoding PU ...
... no UTF-8 mapping file for font encoding PU
)
Package hyperref Info: Hyper figures OFF on input line 4177.
Package hyperref Info: Link nesting OFF on input line 4182.
Package hyperref Info: Hyper index ON on input line 4185.
Package hyperref Info: Plain pages OFF on input line 4192.
Package hyperref Info: Backreferencing OFF on input line 4197.
Package hyperref Info: Implicit mode ON; LaTeX internals redefined.
Package hyperref Info: Bookmarks ON on input line 4425.
\c@Hy@tempcnt=\count279

(/usr/local/texlive/2023/texmf-dist/tex/latex/url/url.sty
\Urlmuskip=\muskip17
Package: url 2013/09/16  ver 3.4  Verb mode for urls, etc.
)
LaTeX Info: Redefining \url on input line 4763.
\XeTeXLinkMargin=\dimen173

(/usr/local/texlive/2023/texmf-dist/tex/generic/bitset/bitset.sty
Package: bitset 2019/12/09 v1.3 Handle bit-vector datatype (HO)

(/usr/local/texlive/2023/texmf-dist/tex/generic/bigintcalc/bigintcalc.sty
Package: bigintcalc 2019/12/15 v1.5 Expandable calculations on big integers (HO
)
))
\Fld@menulength=\count280
\Field@Width=\dimen174
\Fld@charsize=\dimen175
Package hyperref Info: Hyper figures OFF on input line 6042.
Package hyperref Info: Link nesting OFF on input line 6047.
Package hyperref Info: Hyper index ON on input line 6050.
Package hyperref Info: backreferencing OFF on input line 6057.
Package hyperref Info: Link coloring OFF on input line 6062.
Package hyperref Info: Link coloring with OCG OFF on input line 6067.
Package hyperref Info: PDF/A mode OFF on input line 6072.

(/usr/local/texlive/2023/texmf-dist/tex/latex/base/atbegshi-ltx.sty
Package: atbegshi-ltx 2021/01/10 v1.0c Emulation of the original atbegshi
package with kernel methods
)
\Hy@abspage=\count281
\c@Item=\count282
\c@Hfootnote=\count283
)
Package hyperref Info: Driver (autodetected): hpdftex.

(/usr/local/texlive/2023/texmf-dist/tex/latex/hyperref/hpdftex.def
File: hpdftex.def 2023-02-07 v7.00v Hyperref driver for pdfTeX

(/usr/local/texlive/2023/texmf-dist/tex/latex/base/atveryend-ltx.sty
Package: atveryend-ltx 2020/08/19 v1.0a Emulation of the original atveryend pac
kage
with kernel methods
)
\Fld@listcount=\count284
\c@bookmark@seq@number=\count285

(/usr/local/texlive/2023/texmf-dist/tex/latex/rerunfilecheck/rerunfilecheck.sty
Package: rerunfilecheck 2022-07-10 v1.10 Rerun checks for auxiliary files (HO)

(/usr/local/texlive/2023/texmf-dist/tex/generic/uniquecounter/uniquecounter.sty
Package: uniquecounter 2019/12/15 v1.4 Provide unlimited unique counter (HO)
)
Package uniquecounter Info: New unique counter `rerunfilecheck' on input line 2
85.
)
\Hy@SectionHShift=\skip57
) (/usr/local/texlive/2023/texmf-dist/tex/latex/caption/caption.sty
Package: caption 2023/03/12 v3.6j Customizing captions (AR)

(/usr/local/texlive/2023/texmf-dist/tex/latex/caption/caption3.sty
Package: caption3 2023/03/12 v2.4 caption3 kernel (AR)
\caption@tempdima=\dimen176
\captionmargin=\dimen177
\caption@leftmargin=\dimen178
\caption@rightmargin=\dimen179
\caption@width=\dimen180
\caption@indent=\dimen181
\caption@parindent=\dimen182
\caption@hangindent=\dimen183
Package caption Info: Standard document class detected.
)
\c@caption@flags=\count286
\c@continuedfloat=\count287
Package caption Info: hyperref package is loaded.
)
(/usr/local/texlive/2023/texmf-dist/tex/latex/caption/subcaption.sty
Package: subcaption 2023/02/19 v1.6 Sub-captions (AR)
Package caption Info: New subtype `subfigure' on input line 239.
\c@subfigure=\count288
Package caption Info: New subtype `subtable' on input line 239.
\c@subtable=\count289
)
(/usr/local/texlive/2023/texmf-dist/tex/latex/placeins/placeins.sty
Package: placeins 2005/04/18  v 2.2
)
(/usr/local/texlive/2023/texmf-dist/tex/latex/l3backend/l3backend-pdftex.def
File: l3backend-pdftex.def 2023-01-16 L3 backend support: PDF output (pdfTeX)
\l__color_backend_stack_int=\count290
\l__pdf_internal_box=\box56
)
(./report.aux)
\openout1 = `report.aux'.

LaTeX Font Info:    Checking defaults for OML/cmm/m/it on input line 27.
LaTeX Font Info:    ... okay on input line 27.
LaTeX Font Info:    Checking defaults for OMS/cmsy/m/n on input line 27.
LaTeX Font Info:    ... okay on input line 27.
LaTeX Font Info:    Checking defaults for OT1/cmr/m/n on input line 27.
LaTeX Font Info:    ... okay on input line 27.
LaTeX Font Info:    Checking defaults for T1/cmr/m/n on input line 27.
LaTeX Font Info:    ... okay on input line 27.
LaTeX Font Info:    Checking defaults for TS1/cmr/m/n on input line 27.
LaTeX Font Info:    ... okay on input line 27.
LaTeX Font Info:    Checking defaults for OMX/cmex/m/n on input line 27.
LaTeX Font Info:    ... okay on input line 27.
LaTeX Font Info:    Checking defaults for U/cmr/m/n on input line 27.
LaTeX Font Info:    ... okay on input line 27.
LaTeX Font Info:    Checking defaults for PD1/pdf/m/n on input line 27.
LaTeX Font Info:    ... okay on input line 27.
LaTeX Font Info:    Checking defaults for PU/pdf/m/n on input line 27.
LaTeX Font Info:    ... okay on input line 27.

(/usr/local/texlive/2023/texmf-dist/tex/context/base/mkii/supp-pdf.mkii
[Loading MPS to PDF converter (version 2006.09.02).]
\scratchcounter=\count291
\scratchdimen=\dimen184
\scratchbox=\box57
\nofMPsegments=\count292
\nofMParguments=\count293
\everyMPshowfont=\toks26
\MPscratchCnt=\count294
\MPscratchDim=\dimen185
\MPnumerator=\count295
\makeMPintoPDFobject=\count296
\everyMPtoPDFconversion=\toks27
) (/usr/local/texlive/2023/texmf-dist/tex/latex/epstopdf-pkg/epstopdf-base.sty
Package: epstopdf-base 2020-01-24 v2.11 Base part for package epstopdf
Package epstopdf-base Info: Redefining graphics rule for `.eps' on input line 4
85.

(/usr/local/texlive/2023/texmf-dist/tex/latex/latexconfig/epstopdf-sys.cfg
File: epstopdf-sys.cfg 2010/07/13 v1.3 Configuration of (r)epstopdf for TeX Liv
e
))
*geometry* driver: auto-detecting
*geometry* detected driver: pdftex
*geometry* verbose mode - [ preamble ] result:
* driver: pdftex
* paper: a4paper
* layout: <same size as paper>
* layoutoffset:(h,v)=(0.0pt,0.0pt)
* modes: 
* h-part:(L,W,R)=(85.35826pt, 426.79135pt, 85.35826pt)
* v-part:(T,H,B)=(56.9055pt, 731.23584pt, 56.9055pt)
* \paperwidth=597.50787pt
* \paperheight=845.04684pt
* \textwidth=426.79135pt
* \textheight=731.23584pt
* \oddsidemargin=13.08827pt
* \evensidemargin=13.08827pt
* \topmargin=-52.36449pt
* \headheight=12.0pt
* \headsep=25.0pt
* \topskip=12.0pt
* \footskip=30.0pt
* \marginparwidth=49.79231pt
* \marginparsep=10.0pt
* \columnsep=10.0pt
* \skip\footins=10.8pt plus 4.0pt minus 2.0pt
* \hoffset=0.0pt
* \voffset=0.0pt
* \mag=1000
* \@twocolumnfalse
* \@twosidefalse
* \@mparswitchfalse
* \@reversemarginfalse
* (1in=72.27pt=25.4mm, 1cm=28.453pt)

Package hyperref Info: Link coloring OFF on input line 27.
(./report.out) (./report.out)
\@outlinefile=\write3
\openout3 = `report.out'.

Package caption Info: Begin \AtBeginDocument code.
Package caption Info: End \AtBeginDocument code.
 [1

{/usr/local/texlive/2023/texmf-var/fonts/map/pdftex/updmap/pdftex.map}]
<report_images/fine_pruning.png, id=107, 203.76125pt x 266.9975pt>
File: report_images/fine_pruning.png Graphic file (type png)
<use report_images/fine_pruning.png>
Package pdftex.def Info: report_images/fine_pruning.png  used on input line 54.

(pdftex.def)             Requested size: 85.35696pt x 111.84483pt.
<report_images/kernel_pruning.png, id=109, 221.82875pt x 280.04625pt>
File: report_images/kernel_pruning.png Graphic file (type png)
<use report_images/kernel_pruning.png>
Package pdftex.def Info: report_images/kernel_pruning.png  used on input line 6
9.
(pdftex.def)             Requested size: 85.35696pt x 107.75616pt.

pdfTeX warning (ext4): destination with the same identifier (name{page.1}) has 
been already used, duplicate ignored
<to be read again> 
                   \relax 
l.79 \begin{equation}
                      [1 <./report_images/fine_pruning.png> <./report_images/ke
rnel_pruning.png>]
<report_images/filter_pruning.png, id=125, 207.77625pt x 278.03876pt>
File: report_images/filter_pruning.png Graphic file (type png)
<use report_images/filter_pruning.png>
Package pdftex.def Info: report_images/filter_pruning.png  used on input line 9
0.
(pdftex.def)             Requested size: 85.35696pt x 114.22147pt.
<report_images/conv_block.png, id=127, 312.16624pt x 492.84125pt>
File: report_images/conv_block.png Graphic file (type png)
<use report_images/conv_block.png>
Package pdftex.def Info: report_images/conv_block.png  used on input line 109.
(pdftex.def)             Requested size: 106.69783pt x 168.45117pt.


LaTeX Warning: `h' float specifier changed to `ht'.

<report_images/architecture.png, id=128, 532.99126pt x 828.09375pt>
File: report_images/architecture.png Graphic file (type png)
<use report_images/architecture.png>
Package pdftex.def Info: report_images/architecture.png  used on input line 115
.
(pdftex.def)             Requested size: 170.71393pt x 265.23549pt.

LaTeX Warning: `h' float specifier changed to `ht'.

[2{/usr/local/texlive/2023/texmf-dist/fonts/enc/dvips/cm-super/cm-super-ts1.enc
} <./report_images/filter_pruning.png>] [3 <./report_images/conv_block.png> <./
report_images/architecture.png>]
<report_images/fine_sense_egs.png, id=145, 514.92375pt x 385.44pt>
File: report_images/fine_sense_egs.png Graphic file (type png)
<use report_images/fine_sense_egs.png>
Package pdftex.def Info: report_images/fine_sense_egs.png  used on input line 1
42.
(pdftex.def)             Requested size: 170.71393pt x 127.78372pt.
<report_images/fine_change_egs.png, id=149, 518.93875pt x 386.44376pt>
File: report_images/fine_change_egs.png Graphic file (type png)
<use report_images/fine_change_egs.png>
Package pdftex.def Info: report_images/fine_change_egs.png  used on input line 
152.
(pdftex.def)             Requested size: 170.71393pt x 127.12585pt.
<report_images/fine_no_change_egs.png, id=150, 514.92375pt x 385.44pt>
File: report_images/fine_no_change_egs.png Graphic file (type png)
<use report_images/fine_no_change_egs.png>
Package pdftex.def Info: report_images/fine_no_change_egs.png  used on input li
ne 159.
(pdftex.def)             Requested size: 170.71393pt x 127.78372pt.
 [4 <./report_images/fine_sense_egs.png> <./report_images/fine_change_egs.png> 
<./report_images/fine_no_change_egs.png>]
Underfull \hbox (badness 7704) in paragraph at lines 210--210
[]|\OT1/cmr/bx/n/12 % Pa-ram-e-ters
 []

[5]
<report_images/unpruned_w_dist.png, id=170, 310.15875pt x 230.8625pt>
File: report_images/unpruned_w_dist.png Graphic file (type png)
<use report_images/unpruned_w_dist.png>
Package pdftex.def Info: report_images/unpruned_w_dist.png  used on input line 
236.
(pdftex.def)             Requested size: 213.39568pt x 158.83734pt.
<report_images/finegrained_w_dist_pp.png, id=172, 310.15875pt x 230.8625pt>
File: report_images/finegrained_w_dist_pp.png Graphic file (type png)
<use report_images/finegrained_w_dist_pp.png>
Package pdftex.def Info: report_images/finegrained_w_dist_pp.png  used on input
 line 247.
(pdftex.def)             Requested size: 213.39568pt x 158.83734pt.
<report_images/finegrained_w_dist_ft.png, id=173, 310.15875pt x 230.8625pt>
File: report_images/finegrained_w_dist_ft.png Graphic file (type png)
<use report_images/finegrained_w_dist_ft.png>
Package pdftex.def Info: report_images/finegrained_w_dist_ft.png  used on input
 line 253.
(pdftex.def)             Requested size: 213.39568pt x 158.83734pt.
 [6 <./report_images/unpruned_w_dist.png> <./report_images/finegrained_w_dist_p
p.png> <./report_images/finegrained_w_dist_ft.png>]
<report_images/kernel_w_dist_pp.png, id=187, 310.15875pt x 230.8625pt>
File: report_images/kernel_w_dist_pp.png Graphic file (type png)
<use report_images/kernel_w_dist_pp.png>
Package pdftex.def Info: report_images/kernel_w_dist_pp.png  used on input line
 274.
(pdftex.def)             Requested size: 213.39568pt x 158.83734pt.
<report_images/kernel_w_dist_ft.png, id=188, 310.15875pt x 230.8625pt>
File: report_images/kernel_w_dist_ft.png Graphic file (type png)
<use report_images/kernel_w_dist_ft.png>
Package pdftex.def Info: report_images/kernel_w_dist_ft.png  used on input line
 280.
(pdftex.def)             Requested size: 213.39568pt x 158.83734pt.
<report_images/filter_w_dist_pp.png, id=190, 310.15875pt x 230.8625pt>
File: report_images/filter_w_dist_pp.png Graphic file (type png)
<use report_images/filter_w_dist_pp.png>
Package pdftex.def Info: report_images/filter_w_dist_pp.png  used on input line
 297.
(pdftex.def)             Requested size: 213.39568pt x 158.83734pt.
<report_images/filter_w_dist_ft.png, id=191, 310.15875pt x 230.8625pt>
File: report_images/filter_w_dist_ft.png Graphic file (type png)
<use report_images/filter_w_dist_ft.png>
Package pdftex.def Info: report_images/filter_w_dist_ft.png  used on input line
 303.
(pdftex.def)             Requested size: 213.39568pt x 158.83734pt.
<report_images/plane_input.png, id=194, 459.6372pt x 459.6372pt>
File: report_images/plane_input.png Graphic file (type png)
<use report_images/plane_input.png>
Package pdftex.def Info: report_images/plane_input.png  used on input line 319.

(pdftex.def)             Requested size: 170.71393pt x 170.71535pt.
 [7 <./report_images/kernel_w_dist_pp.png> <./report_images/kernel_w_dist_ft.pn
g> <./report_images/filter_w_dist_pp.png> <./report_images/filter_w_dist_ft.png
>] [8 <./report_images/plane_input.png>]
<report_images/sense_fine.png, id=211, 1453.3497pt x 1453.3497pt>
File: report_images/sense_fine.png Graphic file (type png)
<use report_images/sense_fine.png>
Package pdftex.def Info: report_images/sense_fine.png  used on input line 334.
(pdftex.def)             Requested size: 426.79135pt x 426.78293pt.
<report_images/sense_kernel.png, id=212, 1453.3497pt x 1453.3497pt>
File: report_images/sense_kernel.png Graphic file (type png)
<use report_images/sense_kernel.png>
Package pdftex.def Info: report_images/sense_kernel.png  used on input line 341
.
(pdftex.def)             Requested size: 426.79135pt x 426.78293pt.


LaTeX Warning: `h' float specifier changed to `ht'.

[9 <./report_images/sense_fine.png>]
<report_images/sense_filter.png, id=219, 1453.3497pt x 1453.3497pt>
File: report_images/sense_filter.png Graphic file (type png)
<use report_images/sense_filter.png>
Package pdftex.def Info: report_images/sense_filter.png  used on input line 348
.
(pdftex.def)             Requested size: 426.79135pt x 426.78293pt.


LaTeX Warning: `h' float specifier changed to `ht'.

[10 <./report_images/sense_kernel.png>] [11 <./report_images/sense_filter.png>]
<report_images/unpruned_dist.png, id=232, 1438.173pt x 1438.173pt>
File: report_images/unpruned_dist.png Graphic file (type png)
<use report_images/unpruned_dist.png>
Package pdftex.def Info: report_images/unpruned_dist.png  used on input line 36
0.
(pdftex.def)             Requested size: 426.79135pt x 426.781pt.
<report_images/fine_dist_pp.png, id=233, 1437.4503pt x 1438.173pt>
File: report_images/fine_dist_pp.png Graphic file (type png)
<use report_images/fine_dist_pp.png>
Package pdftex.def Info: report_images/fine_dist_pp.png  used on input line 367
.
(pdftex.def)             Requested size: 426.79135pt x 427.00046pt.

LaTeX Warning: `h' float specifier changed to `ht'.

[12

 <./report_images/unpruned_dist.png>]
<report_images/fine_dist_ft.png, id=241, 1437.4503pt x 1438.173pt>
File: report_images/fine_dist_ft.png Graphic file (type png)
<use report_images/fine_dist_ft.png>
Package pdftex.def Info: report_images/fine_dist_ft.png  used on input line 374
.
(pdftex.def)             Requested size: 426.79135pt x 427.00046pt.


LaTeX Warning: `h' float specifier changed to `ht'.

[13 <./report_images/fine_dist_pp.png>] [14 <./report_images/fine_dist_ft.png>]
<report_images/kernel_dist_pp.png, id=254, 1437.4503pt x 1438.173pt>
File: report_images/kernel_dist_pp.png Graphic file (type png)
<use report_images/kernel_dist_pp.png>
Package pdftex.def Info: report_images/kernel_dist_pp.png  used on input line 3
81.
(pdftex.def)             Requested size: 426.79135pt x 427.00046pt.
<report_images/kernel_dist_ft.png, id=255, 1437.4503pt x 1438.173pt>
File: report_images/kernel_dist_ft.png Graphic file (type png)
<use report_images/kernel_dist_ft.png>
Package pdftex.def Info: report_images/kernel_dist_ft.png  used on input line 3
88.
(pdftex.def)             Requested size: 426.79135pt x 427.00046pt.

LaTeX Warning: `h' float specifier changed to `ht'.

[15

 <./report_images/kernel_dist_pp.png>]
<report_images/filter_dist_pp.png, id=262, 1437.4503pt x 1438.173pt>
File: report_images/filter_dist_pp.png Graphic file (type png)
<use report_images/filter_dist_pp.png>
Package pdftex.def Info: report_images/filter_dist_pp.png  used on input line 3
95.
(pdftex.def)             Requested size: 426.79135pt x 427.00046pt.


LaTeX Warning: `h' float specifier changed to `ht'.

[16 <./report_images/kernel_dist_ft.png>] [17 <./report_images/filter_dist_pp.p
ng>]
<report_images/filter_dist_ft.png, id=275, 1437.4503pt x 1438.173pt>
File: report_images/filter_dist_ft.png Graphic file (type png)
<use report_images/filter_dist_ft.png>
Package pdftex.def Info: report_images/filter_dist_ft.png  used on input line 4
02.
(pdftex.def)             Requested size: 426.79135pt x 427.00046pt.
 [18

 <./report_images/filter_dist_ft.png>]
<report_images/unpruned_act.png, id=283, 1076.1003pt x 860.013pt>
File: report_images/unpruned_act.png Graphic file (type png)
<use report_images/unpruned_act.png>
Package pdftex.def Info: report_images/unpruned_act.png  used on input line 414
.
(pdftex.def)             Requested size: 426.79135pt x 341.08586pt.
<report_images/fine_act_pp.png, id=284, 1076.1003pt x 860.013pt>
File: report_images/fine_act_pp.png Graphic file (type png)
<use report_images/fine_act_pp.png>
Package pdftex.def Info: report_images/fine_act_pp.png  used on input line 421.

(pdftex.def)             Requested size: 426.79135pt x 341.08586pt.


LaTeX Warning: `h' float specifier changed to `ht'.

[19 <./report_images/unpruned_act.png>]
<report_images/fine_act_ft.png, id=291, 1076.1003pt x 860.013pt>
File: report_images/fine_act_ft.png Graphic file (type png)
<use report_images/fine_act_ft.png>
Package pdftex.def Info: report_images/fine_act_ft.png  used on input line 428.

(pdftex.def)             Requested size: 426.79135pt x 341.08586pt.


LaTeX Warning: `h' float specifier changed to `ht'.

[20 <./report_images/fine_act_pp.png>] [21 <./report_images/fine_act_ft.png>]
<report_images/kernel_act_pp.png, id=304, 1076.1003pt x 860.013pt>
File: report_images/kernel_act_pp.png Graphic file (type png)
<use report_images/kernel_act_pp.png>
Package pdftex.def Info: report_images/kernel_act_pp.png  used on input line 43
5.
(pdftex.def)             Requested size: 426.79135pt x 341.08586pt.
<report_images/kernel_act_ft.png, id=305, 1076.1003pt x 860.013pt>
File: report_images/kernel_act_ft.png Graphic file (type png)
<use report_images/kernel_act_ft.png>
Package pdftex.def Info: report_images/kernel_act_ft.png  used on input line 44
2.
(pdftex.def)             Requested size: 426.79135pt x 341.08586pt.


LaTeX Warning: `h' float specifier changed to `ht'.

[22

 <./report_images/kernel_act_pp.png>]
<report_images/filter_act_pp.png, id=312, 1076.1003pt x 860.013pt>
File: report_images/filter_act_pp.png Graphic file (type png)
<use report_images/filter_act_pp.png>
Package pdftex.def Info: report_images/filter_act_pp.png  used on input line 44
9.
(pdftex.def)             Requested size: 426.79135pt x 341.08586pt.


LaTeX Warning: `h' float specifier changed to `ht'.

[23 <./report_images/kernel_act_ft.png>] [24 <./report_images/filter_act_pp.png
>]
<report_images/filter_act_ft.png, id=326, 1076.1003pt x 860.013pt>
File: report_images/filter_act_ft.png Graphic file (type png)
<use report_images/filter_act_ft.png>
Package pdftex.def Info: report_images/filter_act_ft.png  used on input line 45
6.
(pdftex.def)             Requested size: 426.79135pt x 341.08586pt.
 [25

 <./report_images/filter_act_ft.png>] (./report.aux)
Package rerunfilecheck Info: File `report.out' has not changed.
(rerunfilecheck)             Checksum: 40E7F9F3D4A4D0AE1D4967428ECF3EDB;2893.
 ) 
Here is how much of TeX's memory you used:
 11595 strings out of 476025
 191847 string characters out of 5790017
 1865388 words of memory out of 5000000
 31802 multiletter control sequences out of 15000+600000
 520920 words of font info for 61 fonts, out of 8000000 for 9000
 1141 hyphenation exceptions out of 8191
 75i,10n,76p,495b,512s stack positions out of 10000i,1000n,20000p,200000b,200000s
</usr/local/texlive/2023/texmf-dist/fonts/type1/public/amsfonts/cm/cmbx12.pfb
></usr/local/texlive/2023/texmf-dist/fonts/type1/public/amsfonts/cm/cmex10.pfb>
</usr/local/texlive/2023/texmf-dist/fonts/type1/public/amsfonts/cm/cmmi12.pfb><
/usr/local/texlive/2023/texmf-dist/fonts/type1/public/amsfonts/cm/cmmi8.pfb></u
sr/local/texlive/2023/texmf-dist/fonts/type1/public/amsfonts/cm/cmmib10.pfb></u
sr/local/texlive/2023/texmf-dist/fonts/type1/public/amsfonts/cm/cmr10.pfb></usr
/local/texlive/2023/texmf-dist/fonts/type1/public/amsfonts/cm/cmr12.pfb></usr/l
ocal/texlive/2023/texmf-dist/fonts/type1/public/amsfonts/cm/cmr17.pfb></usr/loc
al/texlive/2023/texmf-dist/fonts/type1/public/amsfonts/cm/cmr8.pfb></usr/local/
texlive/2023/texmf-dist/fonts/type1/public/amsfonts/cm/cmsy10.pfb></usr/local/t
exlive/2023/texmf-dist/fonts/type1/public/cm-super/sfrm1200.pfb>
Output written on report.pdf (26 pages, 2516131 bytes).
PDF statistics:
 403 PDF objects out of 1000 (max. 8388607)
 286 compressed objects within 3 object streams
 85 named destinations out of 1000 (max. 500000)
 358 words of extra memory for PDF output out of 10000 (max. 10000000)

