\BOOKMARK [1][-]{section.1}{\376\377\000I\000n\000t\000r\000o\000d\000u\000c\000t\000i\000o\000n}{}% 1
\BOOKMARK [1][-]{section.2}{\376\377\000P\000r\000u\000n\000i\000n\000g\000\040\000S\000t\000r\000a\000t\000e\000g\000i\000e\000s}{}% 2
\BOOKMARK [2][-]{subsection.2.1}{\376\377\000F\000i\000n\000e\000-\000g\000r\000a\000i\000n\000e\000d}{section.2}% 3
\BOOKMARK [2][-]{subsection.2.2}{\376\377\000K\000e\000r\000n\000e\000l}{section.2}% 4
\BOOKMARK [2][-]{subsection.2.3}{\376\377\000F\000i\000l\000t\000e\000r}{section.2}% 5
\BOOKMARK [1][-]{section.3}{\376\377\000M\000o\000d\000e\000l}{}% 6
\BOOKMARK [2][-]{subsection.3.1}{\376\377\000A\000r\000c\000h\000i\000t\000e\000c\000t\000u\000r\000e}{section.3}% 7
\BOOKMARK [2][-]{subsection.3.2}{\376\377\000H\000y\000p\000e\000r\000-\000p\000a\000r\000a\000m\000e\000t\000e\000r\000s}{section.3}% 8
\BOOKMARK [1][-]{section.4}{\376\377\000S\000e\000n\000s\000i\000t\000i\000v\000i\000t\000y\000\040\000S\000c\000a\000n\000n\000i\000n\000g}{}% 9
\BOOKMARK [2][-]{subsection.4.1}{\376\377\000I\000m\000p\000l\000e\000m\000e\000n\000t\000a\000t\000i\000o\000n}{section.4}% 10
\BOOKMARK [2][-]{subsection.4.2}{\376\377\000R\000e\000s\000u\000l\000t\000s}{section.4}% 11
\BOOKMARK [1][-]{section.5}{\376\377\000P\000r\000u\000n\000i\000n\000g\000\040\000H\000e\000u\000r\000i\000s\000t\000i\000c}{}% 12
\BOOKMARK [1][-]{section.6}{\376\377\000R\000e\000s\000u\000l\000t\000s}{}% 13
\BOOKMARK [1][-]{section.7}{\376\377\000W\000e\000i\000g\000h\000t\000\040\000D\000i\000s\000t\000r\000i\000b\000u\000t\000i\000o\000n\000s}{}% 14
\BOOKMARK [2][-]{subsection.7.1}{\376\377\000U\000n\000-\000p\000r\000u\000n\000e\000d}{section.7}% 15
\BOOKMARK [2][-]{subsection.7.2}{\376\377\000F\000i\000n\000e\000-\000g\000r\000a\000i\000n\000e\000d\000\040\000P\000r\000u\000n\000i\000n\000g}{section.7}% 16
\BOOKMARK [2][-]{subsection.7.3}{\376\377\000K\000e\000r\000n\000e\000l\000\040\000P\000r\000u\000n\000i\000n\000g}{section.7}% 17
\BOOKMARK [2][-]{subsection.7.4}{\376\377\000F\000i\000l\000t\000e\000r\000\040\000P\000r\000u\000n\000i\000n\000g}{section.7}% 18
\BOOKMARK [1][-]{section.8}{\376\377\000A\000c\000t\000i\000v\000a\000t\000i\000o\000n\000\040\000B\000a\000l\000a\000n\000c\000e\000s}{}% 19
\BOOKMARK [1][-]{section.9}{\376\377\000C\000o\000n\000c\000l\000u\000s\000i\000o\000n}{}% 20
\BOOKMARK [1][-]{section.10}{\376\377\000A\000p\000p\000e\000n\000d\000i\000x}{}% 21
\BOOKMARK [2][-]{subsection.10.1}{\376\377\000S\000e\000n\000s\000i\000t\000i\000v\000i\000t\000y\000\040\000S\000c\000a\000n\000s}{section.10}% 22
\BOOKMARK [2][-]{subsection.10.2}{\376\377\000W\000e\000i\000g\000h\000t\000\040\000D\000i\000s\000t\000r\000i\000b\000u\000t\000i\000o\000n\000s}{section.10}% 23
\BOOKMARK [2][-]{subsection.10.3}{\376\377\000A\000c\000t\000i\000v\000a\000t\000i\000o\000n\000\040\000B\000a\000l\000a\000n\000c\000e\000s}{section.10}% 24
